<?xml version="1.0" encoding="UTF-8"?>
<!-- Generated by org.testng.reporters.JUnitReportReporter -->
<testsuite skipped="0" hostname="BQ-DEV-CN03" name="com.Guru99.testcases.LoginPageTestCases" tests="3" failures="0" timestamp="12 Oct 2018 18:22:35 GMT" time="43.663" errors="0">
  <testcase name="LoginPageLogoTest" time="11.689" classname="com.Guru99.testcases.LoginPageTestCases"/>
  <testcase name="LoginPageTitleTest" time="10.666" classname="com.Guru99.testcases.LoginPageTestCases"/>
  <testcase name="LoginPageLoginTest" time="21.308" classname="com.Guru99.testcases.LoginPageTestCases"/>
</testsuite> <!-- com.Guru99.testcases.LoginPageTestCases -->
