<?xml version="1.0" encoding="UTF-8"?>
<!-- Generated by org.testng.reporters.JUnitReportReporter -->
<testsuite skipped="0" hostname="BQ-DEV-CN03" name="com.Guru99.testcases.ManagerPageTestCases" tests="1" failures="0" timestamp="12 Oct 2018 18:22:35 GMT" time="14.473" errors="0">
  <testcase name="testManagerId" time="14.473" classname="com.Guru99.testcases.ManagerPageTestCases"/>
</testsuite> <!-- com.Guru99.testcases.ManagerPageTestCases -->
